[I 2026-03-13 01:11:58,435] Using an existing study with name 'conformer_ctc_bayes' instead of creating a new one.
[I 2026-03-13 02:25:08,034] Trial 1 finished with value: 14.244572639465332 and parameters: {'optimizer.lr': 0.000508977365788428, 'lr_scheduler': 'linear_warmup_cosine_annealing', 'module.d_model': 192, 'module.num_layers': 10, 'module.dropout': 0.17319301245686708, 'datamodule.window_length': 4000, 'module.conv_kernel_size': 31, 'module.num_heads': 4, 'module.mlp_width': 128, 'specaug.time_mask_param': 20, 'specaug.n_time_masks': 4, 'lr_scheduler.scheduler.warmup_epochs': 10}. Best is trial 1 with value: 14.244572639465332.
[I 2026-03-13 03:38:41,992] Trial 2 finished with value: 13.801506042480469 and parameters: {'optimizer.lr': 0.00046186487101100446, 'lr_scheduler': 'cosine_annealing', 'module.d_model': 256, 'module.num_layers': 6, 'module.dropout': 0.1831622532480136, 'datamodule.window_length': 4000, 'module.conv_kernel_size': 31, 'module.num_heads': 4, 'module.mlp_width': 128, 'specaug.time_mask_param': 20, 'specaug.n_time_masks': 4}. Best is trial 2 with value: 13.801506042480469.
[W 2026-03-13 03:38:42,065] Trial 3 failed with parameters: {'optimizer.lr': 0.0003584209141852851, 'lr_scheduler': 'cosine_annealing', 'module.d_model': 320, 'module.num_layers': 8, 'module.dropout': 0.21828135963195683, 'datamodule.window_length': 6000, 'module.conv_kernel_size': 15} because of the following error: ValueError('CategoricalDistribution does not support dynamic value space.').
Traceback (most recent call last):
  File "/home/enoch/venv/lib/python3.10/site-packages/optuna/study/_optimize.py", line 206, in _run_trial
    value_or_values = func(trial)
  File "/home/enoch/emg2qwerty/scripts/optuna_conformer_tune.py", line 138, in objective
    cmd, log_path = build_command(args, trial)
  File "/home/enoch/emg2qwerty/scripts/optuna_conformer_tune.py", line 131, in build_command
    cmd.extend(suggest_overrides(trial, args.max_epochs, args.seed))
  File "/home/enoch/emg2qwerty/scripts/optuna_conformer_tune.py", line 77, in suggest_overrides
    num_heads = trial.suggest_categorical("module.num_heads", [4, 8])
  File "/home/enoch/venv/lib/python3.10/site-packages/optuna/trial/_trial.py", line 408, in suggest_categorical
    return self._suggest(name, CategoricalDistribution(choices=choices))
  File "/home/enoch/venv/lib/python3.10/site-packages/optuna/trial/_trial.py", line 643, in _suggest
    storage.set_trial_param(trial_id, name, param_value_in_internal_repr, distribution)
  File "/home/enoch/venv/lib/python3.10/site-packages/optuna/storages/_cached_storage.py", line 167, in set_trial_param
    self._backend._set_trial_param(
  File "/home/enoch/venv/lib/python3.10/site-packages/optuna/storages/_rdb/storage.py", line 597, in _set_trial_param
    self._set_trial_param_without_commit(
  File "/home/enoch/venv/lib/python3.10/site-packages/optuna/storages/_rdb/storage.py", line 632, in _set_trial_param_without_commit
    distributions.check_distribution_compatibility(previous_distribution, distribution)
  File "/home/enoch/venv/lib/python3.10/site-packages/optuna/distributions.py", line 656, in check_distribution_compatibility
    raise ValueError(
ValueError: CategoricalDistribution does not support dynamic value space.
[W 2026-03-13 03:38:42,069] Trial 3 failed with value None.
Traceback (most recent call last):
  File "/home/enoch/emg2qwerty/scripts/optuna_conformer_tune.py", line 219, in <module>
    main()
  File "/home/enoch/emg2qwerty/scripts/optuna_conformer_tune.py", line 194, in main
    study.optimize(
  File "/home/enoch/venv/lib/python3.10/site-packages/optuna/study/study.py", line 490, in optimize
    _optimize(
  File "/home/enoch/venv/lib/python3.10/site-packages/optuna/study/_optimize.py", line 68, in _optimize
    _optimize_sequential(
  File "/home/enoch/venv/lib/python3.10/site-packages/optuna/study/_optimize.py", line 165, in _optimize_sequential
    frozen_trial_id = _run_trial(study, func, catch)
  File "/home/enoch/venv/lib/python3.10/site-packages/optuna/study/_optimize.py", line 263, in _run_trial
    raise func_err
  File "/home/enoch/venv/lib/python3.10/site-packages/optuna/study/_optimize.py", line 206, in _run_trial
    value_or_values = func(trial)
  File "/home/enoch/emg2qwerty/scripts/optuna_conformer_tune.py", line 138, in objective
    cmd, log_path = build_command(args, trial)
  File "/home/enoch/emg2qwerty/scripts/optuna_conformer_tune.py", line 131, in build_command
    cmd.extend(suggest_overrides(trial, args.max_epochs, args.seed))
  File "/home/enoch/emg2qwerty/scripts/optuna_conformer_tune.py", line 77, in suggest_overrides
    num_heads = trial.suggest_categorical("module.num_heads", [4, 8])
  File "/home/enoch/venv/lib/python3.10/site-packages/optuna/trial/_trial.py", line 408, in suggest_categorical
    return self._suggest(name, CategoricalDistribution(choices=choices))
  File "/home/enoch/venv/lib/python3.10/site-packages/optuna/trial/_trial.py", line 643, in _suggest
    storage.set_trial_param(trial_id, name, param_value_in_internal_repr, distribution)
  File "/home/enoch/venv/lib/python3.10/site-packages/optuna/storages/_cached_storage.py", line 167, in set_trial_param
    self._backend._set_trial_param(
  File "/home/enoch/venv/lib/python3.10/site-packages/optuna/storages/_rdb/storage.py", line 597, in _set_trial_param
    self._set_trial_param_without_commit(
  File "/home/enoch/venv/lib/python3.10/site-packages/optuna/storages/_rdb/storage.py", line 632, in _set_trial_param_without_commit
    distributions.check_distribution_compatibility(previous_distribution, distribution)
  File "/home/enoch/venv/lib/python3.10/site-packages/optuna/distributions.py", line 656, in check_distribution_compatibility
    raise ValueError(
ValueError: CategoricalDistribution does not support dynamic value space.
